0 info it worked if it ends with ok
1 verbose cli [ '/usr/local/bin/node',
1 verbose cli   '/usr/local/bin/npm',
1 verbose cli   'install',
1 verbose cli   '-g',
1 verbose cli   'bower',
1 verbose cli   '--user' ]
2 info using npm@2.15.8
3 info using node@v4.4.7
4 verbose install initial load of /usr/local/lib/package.json
5 verbose readDependencies loading dependencies from /usr/local/lib/package.json
6 silly cache add args [ 'bower', null ]
7 verbose cache add spec bower
8 silly cache add parsed spec Result {
8 silly cache add   raw: 'bower',
8 silly cache add   scope: null,
8 silly cache add   name: 'bower',
8 silly cache add   rawSpec: '',
8 silly cache add   spec: 'latest',
8 silly cache add   type: 'tag' }
9 silly addNamed bower@latest
10 verbose addNamed "latest" is being treated as a dist-tag for bower
11 info addNameTag [ 'bower', 'latest' ]
12 silly mapToRegistry name bower
13 silly mapToRegistry using default registry
14 silly mapToRegistry registry https://registry.npmjs.org/
15 silly mapToRegistry data Result {
15 silly mapToRegistry   raw: 'bower',
15 silly mapToRegistry   scope: null,
15 silly mapToRegistry   name: 'bower',
15 silly mapToRegistry   rawSpec: '',
15 silly mapToRegistry   spec: 'latest',
15 silly mapToRegistry   type: 'tag' }
16 silly mapToRegistry uri https://registry.npmjs.org/bower
17 verbose addNameTag registry:https://registry.npmjs.org/bower not in flight; fetching
18 verbose request uri https://registry.npmjs.org/bower
19 verbose request no auth needed
20 info attempt registry request try #1 at 10:10:44 AM
21 verbose request id f8f92349bd502c62
22 verbose etag W/"58b3f9e3-2ae5f"
23 verbose lastModified Mon, 27 Feb 2017 10:05:23 GMT
24 http request GET https://registry.npmjs.org/bower
25 http 304 https://registry.npmjs.org/bower
26 verbose headers { date: 'Mon, 27 Feb 2017 16:10:44 GMT',
26 verbose headers   via: '1.1 varnish',
26 verbose headers   'cache-control': 'max-age=300',
26 verbose headers   etag: 'W/"58b3f9e3-2ae5f"',
26 verbose headers   age: '297',
26 verbose headers   connection: 'keep-alive',
26 verbose headers   'x-served-by': 'cache-dfw1841-DFW',
26 verbose headers   'x-cache': 'HIT',
26 verbose headers   'x-cache-hits': '4',
26 verbose headers   'x-timer': 'S1488211844.441785,VS0,VE0',
26 verbose headers   vary: 'Accept-Encoding' }
27 silly get cb [ 304,
27 silly get   { date: 'Mon, 27 Feb 2017 16:10:44 GMT',
27 silly get     via: '1.1 varnish',
27 silly get     'cache-control': 'max-age=300',
27 silly get     etag: 'W/"58b3f9e3-2ae5f"',
27 silly get     age: '297',
27 silly get     connection: 'keep-alive',
27 silly get     'x-served-by': 'cache-dfw1841-DFW',
27 silly get     'x-cache': 'HIT',
27 silly get     'x-cache-hits': '4',
27 silly get     'x-timer': 'S1488211844.441785,VS0,VE0',
27 silly get     vary: 'Accept-Encoding' } ]
28 verbose etag https://registry.npmjs.org/bower from cache
29 verbose get saving bower to /Users/brentlind/.npm/registry.npmjs.org/bower/.cache.json
30 verbose correctMkdir /Users/brentlind/.npm correctMkdir not in flight; initializing
31 silly addNameTag next cb for bower with tag latest
32 silly addNamed bower@1.8.0
33 verbose addNamed "1.8.0" is a plain semver version for bower
34 silly cache afterAdd bower@1.8.0
35 verbose afterAdd /Users/brentlind/.npm/bower/1.8.0/package/package.json not in flight; writing
36 verbose correctMkdir /Users/brentlind/.npm correctMkdir not in flight; initializing
37 verbose afterAdd /Users/brentlind/.npm/bower/1.8.0/package/package.json written
38 silly install resolved [ { name: 'bower',
38 silly install resolved     version: '1.8.0',
38 silly install resolved     description: 'The browser package manager',
38 silly install resolved     author: { name: 'Twitter' },
38 silly install resolved     license: 'MIT',
38 silly install resolved     repository: { type: 'git', url: 'git+https://github.com/bower/bower.git' },
38 silly install resolved     main: 'lib',
38 silly install resolved     bin: { bower: 'bin/bower' },
38 silly install resolved     homepage: 'http://bower.io',
38 silly install resolved     engines: { node: '>=0.10.0' },
38 silly install resolved     keywords: [ 'bower' ],
38 silly install resolved     files: [ 'bin', 'lib' ],
38 silly install resolved     bugs: { url: 'https://github.com/bower/bower/issues' },
38 silly install resolved     _id: 'bower@1.8.0',
38 silly install resolved     scripts: {},
38 silly install resolved     _shasum: '55dbebef0ad9155382d9e9d3e497c1372345b44a',
38 silly install resolved     _from: 'bower@latest',
38 silly install resolved     _npmVersion: '3.10.9',
38 silly install resolved     _nodeVersion: '4.4.6',
38 silly install resolved     _npmUser: { name: 'sheerun', email: 'sheerun@sher.pl' },
38 silly install resolved     dist:
38 silly install resolved      { shasum: '55dbebef0ad9155382d9e9d3e497c1372345b44a',
38 silly install resolved        tarball: 'https://registry.npmjs.org/bower/-/bower-1.8.0.tgz' },
38 silly install resolved     maintainers:
38 silly install resolved      [ [Object],
38 silly install resolved        [Object],
38 silly install resolved        [Object],
38 silly install resolved        [Object],
38 silly install resolved        [Object],
38 silly install resolved        [Object],
38 silly install resolved        [Object] ],
38 silly install resolved     _npmOperationalInternal:
38 silly install resolved      { host: 'packages-18-east.internal.npmjs.com',
38 silly install resolved        tmp: 'tmp/bower-1.8.0.tgz_1478512918020_0.7136248126626015' },
38 silly install resolved     directories: {},
38 silly install resolved     _resolved: 'https://registry.npmjs.org/bower/-/bower-1.8.0.tgz',
38 silly install resolved     readme: 'ERROR: No README data found!' } ]
39 info install bower@1.8.0 into /usr/local/lib
40 info installOne bower@1.8.0
41 verbose installOne of bower to /usr/local/lib not in flight; installing
42 verbose correctMkdir /Users/brentlind/.npm/_locks correctMkdir not in flight; initializing
43 verbose lock using /Users/brentlind/.npm/_locks/bower-e8debc5417026b57.lock for /usr/local/lib/node_modules/bower
44 silly install write writing bower 1.8.0 to /usr/local/lib/node_modules/bower
45 verbose unbuild lib/node_modules/bower
46 info preuninstall bower@1.7.9
47 info uninstall bower@1.7.9
48 verbose unbuild rmStuff bower@1.7.9 from /usr/local/lib/node_modules
49 silly gentlyRm /usr/local/bin/bower is being gently removed
50 silly gentlyRm verifying /usr/local is an npm working directory
51 silly gentlyRm containing path /usr/local is under npm's control, in /usr/local
52 silly gentlyRm deletion target /usr/local/bin/bower is under /usr/local
53 verbose gentlyRm vacuuming from /usr/local/bin/bower up to /usr/local
54 info postuninstall bower@1.7.9
55 silly gentlyRm /usr/local/lib/node_modules/bower is being purged from base /usr/local
56 verbose gentlyRm don't care about contents; nuking /usr/local/lib/node_modules/bower
57 silly vacuum-fs purging /usr/local/lib/node_modules/bower
58 verbose unlock done using /Users/brentlind/.npm/_locks/bower-e8debc5417026b57.lock for /usr/local/lib/node_modules/bower
59 verbose stack Error: EACCES: permission denied, rmdir '/usr/local/lib/node_modules/bower'
59 verbose stack     at Error (native)
60 verbose cwd /Users/brentlind/Documents/Websites/oreadstrings
61 error Darwin 16.1.0
62 error argv "/usr/local/bin/node" "/usr/local/bin/npm" "install" "-g" "bower" "--user"
63 error node v4.4.7
64 error npm  v2.15.8
65 error path /usr/local/lib/node_modules/bower
66 error code EACCES
67 error errno -13
68 error syscall rmdir
69 error Error: EACCES: permission denied, rmdir '/usr/local/lib/node_modules/bower'
69 error     at Error (native)
69 error  { [Error: EACCES: permission denied, rmdir '/usr/local/lib/node_modules/bower']
69 error   errno: -13,
69 error   code: 'EACCES',
69 error   syscall: 'rmdir',
69 error   path: '/usr/local/lib/node_modules/bower' }
70 error Please try running this command again as root/Administrator.
71 verbose exit [ -13, true ]
72 verbose unbuild lib/node_modules/bower
73 info preuninstall bower@1.7.9
74 info uninstall bower@1.7.9
75 verbose unbuild rmStuff bower@1.7.9 from /usr/local/lib/node_modules
76 silly gentlyRm /usr/local/bin/bower is being gently removed
77 silly gentlyRm verifying /usr/local is an npm working directory
78 silly gentlyRm containing path /usr/local is under npm's control, in /usr/local
79 silly gentlyRm deletion target /usr/local/bin/bower is under /usr/local
80 verbose gentlyRm vacuuming from /usr/local/bin/bower up to /usr/local
81 info postuninstall bower@1.7.9
82 silly gentlyRm /usr/local/lib/node_modules/bower is being purged from base /usr/local
83 verbose gentlyRm don't care about contents; nuking /usr/local/lib/node_modules/bower
84 silly vacuum-fs purging /usr/local/lib/node_modules/bower
85 error error rolling back Error: EACCES: permission denied, rmdir '/usr/local/lib/node_modules/bower'
85 error error rolling back     at Error (native)
85 error error rolling back  { [Error: EACCES: permission denied, rmdir '/usr/local/lib/node_modules/bower']
85 error error rolling back   errno: -13,
85 error error rolling back   code: 'EACCES',
85 error error rolling back   syscall: 'rmdir',
85 error error rolling back   path: '/usr/local/lib/node_modules/bower' }
